GAS LISTING /tmp/ccJ9kBCu.s 			page 1


   1              		.file	"Scheduler.cpp"
   2              		.option pic
   3              		.option norelax
   4              		.text
   5              	.Ltext0:
   6              		.align	2
   7              		.globl	_ZN9Scheduler3getEv
   9              	_ZN9Scheduler3getEv:
  10              	.LFB6:
  11              		.file 1 "src/Scheduler.cpp"
   1:src/Scheduler.cpp **** //
   2:src/Scheduler.cpp **** // Created by os on 8/6/22.
   3:src/Scheduler.cpp **** //
   4:src/Scheduler.cpp **** 
   5:src/Scheduler.cpp **** #include "../h/Scheduler.hpp"
   6:src/Scheduler.cpp **** 
   7:src/Scheduler.cpp **** 
   8:src/Scheduler.cpp **** Scheduler::Elem* Scheduler::head = nullptr;
   9:src/Scheduler.cpp **** Scheduler::Elem* Scheduler::tail = nullptr;
  10:src/Scheduler.cpp **** 
  11:src/Scheduler.cpp **** uint64 Scheduler::numOfThreads = 0;
  12:src/Scheduler.cpp **** 
  13:src/Scheduler.cpp **** TCB *Scheduler::get()
  14:src/Scheduler.cpp **** {
  12              		.loc 1 14 1
  13              		.cfi_startproc
  14 0000 130101FF 		addi	sp,sp,-16
  15              		.cfi_def_cfa_offset 16
  16 0004 23348100 		sd	s0,8(sp)
  17              		.cfi_offset 8, -8
  18 0008 13040101 		addi	s0,sp,16
  19              		.cfi_def_cfa 8, 0
  15:src/Scheduler.cpp **** 
  16:src/Scheduler.cpp ****     Elem* old = head;
  20              		.loc 1 16 5
  21              		.loc 1 16 11 is_stmt 0
  22 000c 97070000 		lla	a5,.LANCHOR0
  22      93870700 
  23 0014 03B70700 		ld	a4,0(a5)
  24              	.LVL0:
  17:src/Scheduler.cpp ****     TCB* thr = head->thr;
  25              		.loc 1 17 5 is_stmt 1
  26              		.loc 1 17 10 is_stmt 0
  27 0018 03350700 		ld	a0,0(a4)
  28              	.LVL1:
  18:src/Scheduler.cpp ****     head = head->next;
  29              		.loc 1 18 5 is_stmt 1
  30              		.loc 1 18 18 is_stmt 0
  31 001c 83368700 		ld	a3,8(a4)
  32              		.loc 1 18 10
  33 0020 23B0D700 		sd	a3,0(a5)
  19:src/Scheduler.cpp ****     old->thr = nullptr;
  34              		.loc 1 19 5 is_stmt 1
  35              		.loc 1 19 14 is_stmt 0
  36 0024 23300700 		sd	zero,0(a4)
  20:src/Scheduler.cpp ****     old->next = nullptr;
  37              		.loc 1 20 5 is_stmt 1
GAS LISTING /tmp/ccJ9kBCu.s 			page 2


  38              		.loc 1 20 15 is_stmt 0
  39 0028 23340700 		sd	zero,8(a4)
  21:src/Scheduler.cpp ****     Scheduler::numOfThreads--;
  40              		.loc 1 21 5 is_stmt 1
  41              		.loc 1 21 28 is_stmt 0
  42 002c 03B78700 		ld	a4,8(a5)
  43              	.LVL2:
  44 0030 1307F7FF 		addi	a4,a4,-1
  45 0034 23B4E700 		sd	a4,8(a5)
  22:src/Scheduler.cpp ****     return thr;
  46              		.loc 1 22 5 is_stmt 1
  23:src/Scheduler.cpp **** 
  24:src/Scheduler.cpp **** }
  47              		.loc 1 24 1 is_stmt 0
  48 0038 03348100 		ld	s0,8(sp)
  49              		.cfi_restore 8
  50              		.cfi_def_cfa 2, 16
  51 003c 13010101 		addi	sp,sp,16
  52              		.cfi_def_cfa_offset 0
  53 0040 67800000 		jr	ra
  54              		.cfi_endproc
  55              	.LFE6:
  57              		.align	2
  58              		.globl	_ZN9Scheduler3putEP3TCB
  60              	_ZN9Scheduler3putEP3TCB:
  61              	.LFB7:
  25:src/Scheduler.cpp **** 
  26:src/Scheduler.cpp **** void Scheduler::put(TCB *thr)
  27:src/Scheduler.cpp **** {
  62              		.loc 1 27 1 is_stmt 1
  63              		.cfi_startproc
  64              	.LVL3:
  65 0044 130101FE 		addi	sp,sp,-32
  66              		.cfi_def_cfa_offset 32
  67 0048 233C1100 		sd	ra,24(sp)
  68 004c 23388100 		sd	s0,16(sp)
  69 0050 23349100 		sd	s1,8(sp)
  70              		.cfi_offset 1, -8
  71              		.cfi_offset 8, -16
  72              		.cfi_offset 9, -24
  73 0054 13040102 		addi	s0,sp,32
  74              		.cfi_def_cfa 8, 0
  75 0058 93040500 		mv	s1,a0
  28:src/Scheduler.cpp ****     //prazna lista
  29:src/Scheduler.cpp ****     Elem* e = new Elem (thr);
  76              		.loc 1 29 5
  77              	.LVL4:
  78              	.LBB11:
  79              	.LBB12:
  80              		.file 2 "src/../h/Scheduler.hpp"
   1:src/../h/Scheduler.hpp **** //
   2:src/../h/Scheduler.hpp **** // Created by os on 8/6/22.
   3:src/../h/Scheduler.hpp **** //
   4:src/../h/Scheduler.hpp **** 
   5:src/../h/Scheduler.hpp **** #ifndef PROJECT_BASE_SCHEDULER_HPP
   6:src/../h/Scheduler.hpp **** #define PROJECT_BASE_SCHEDULER_HPP
   7:src/../h/Scheduler.hpp **** 
GAS LISTING /tmp/ccJ9kBCu.s 			page 3


   8:src/../h/Scheduler.hpp **** 
   9:src/../h/Scheduler.hpp **** #include "../h/MemoryAllocator.hpp"
  10:src/../h/Scheduler.hpp **** 
  11:src/../h/Scheduler.hpp **** class TCB;
  12:src/../h/Scheduler.hpp **** 
  13:src/../h/Scheduler.hpp **** 
  14:src/../h/Scheduler.hpp **** class Scheduler {
  15:src/../h/Scheduler.hpp **** 
  16:src/../h/Scheduler.hpp **** public:
  17:src/../h/Scheduler.hpp **** 
  18:src/../h/Scheduler.hpp **** 
  19:src/../h/Scheduler.hpp ****     static uint64 numOfThreads;
  20:src/../h/Scheduler.hpp ****     static void put(TCB* thr);
  21:src/../h/Scheduler.hpp ****     static TCB* get();
  22:src/../h/Scheduler.hpp **** 
  23:src/../h/Scheduler.hpp **** 
  24:src/../h/Scheduler.hpp **** private:
  25:src/../h/Scheduler.hpp **** 
  26:src/../h/Scheduler.hpp ****     struct Elem {
  27:src/../h/Scheduler.hpp **** 
  28:src/../h/Scheduler.hpp ****         TCB* thr;
  29:src/../h/Scheduler.hpp ****         Elem* next;
  30:src/../h/Scheduler.hpp ****         explicit Elem(TCB* thr) : thr(thr), next(nullptr){}
  31:src/../h/Scheduler.hpp **** 
  32:src/../h/Scheduler.hpp ****         void* operator new(size_t sz){
  33:src/../h/Scheduler.hpp ****             sz = MemoryAllocator::allocateBytes(sz);
  81              		.loc 2 33 13
  82              	.LBE12:
  83              	.LBE11:
  84              		.file 3 "src/../h/../h/MemoryAllocator.hpp"
   1:src/../h/../h/MemoryAllocator.hpp **** //
   2:src/../h/../h/MemoryAllocator.hpp **** // Created by os on 8/2/22.
   3:src/../h/../h/MemoryAllocator.hpp **** //
   4:src/../h/../h/MemoryAllocator.hpp **** 
   5:src/../h/../h/MemoryAllocator.hpp **** #ifndef PROJECT_BASE_MEMORYALLOCATOR_HPP
   6:src/../h/../h/MemoryAllocator.hpp **** #define PROJECT_BASE_MEMORYALLOCATOR_HPP
   7:src/../h/../h/MemoryAllocator.hpp **** #include "../lib/hw.h"
   8:src/../h/../h/MemoryAllocator.hpp **** 
   9:src/../h/../h/MemoryAllocator.hpp **** struct BlockHeader{
  10:src/../h/../h/MemoryAllocator.hpp ****     BlockHeader* prev, *next;
  11:src/../h/../h/MemoryAllocator.hpp ****     size_t size;
  12:src/../h/../h/MemoryAllocator.hpp **** };
  13:src/../h/../h/MemoryAllocator.hpp **** 
  14:src/../h/../h/MemoryAllocator.hpp **** //sluzi da bih znala koliko mem da oslobodim sa free
  15:src/../h/../h/MemoryAllocator.hpp **** struct HiddenHeader{
  16:src/../h/../h/MemoryAllocator.hpp ****     size_t size;
  17:src/../h/../h/MemoryAllocator.hpp **** };
  18:src/../h/../h/MemoryAllocator.hpp **** 
  19:src/../h/../h/MemoryAllocator.hpp **** class MemoryAllocator {
  20:src/../h/../h/MemoryAllocator.hpp **** 
  21:src/../h/../h/MemoryAllocator.hpp **** public:
  22:src/../h/../h/MemoryAllocator.hpp **** 
  23:src/../h/../h/MemoryAllocator.hpp ****     static void* kmalloc(size_t);
  24:src/../h/../h/MemoryAllocator.hpp **** 
  25:src/../h/../h/MemoryAllocator.hpp ****     static int kfree (void* addr);
  26:src/../h/../h/MemoryAllocator.hpp **** 
  27:src/../h/../h/MemoryAllocator.hpp ****    static BlockHeader* freeMemHead;
GAS LISTING /tmp/ccJ9kBCu.s 			page 4


  28:src/../h/../h/MemoryAllocator.hpp **** 
  29:src/../h/../h/MemoryAllocator.hpp ****    static void* hStart;
  30:src/../h/../h/MemoryAllocator.hpp **** 
  31:src/../h/../h/MemoryAllocator.hpp ****    static void* hEnd;
  32:src/../h/../h/MemoryAllocator.hpp **** 
  33:src/../h/../h/MemoryAllocator.hpp ****    static uint64 allocateBytes(size_t size){ return (size - 1)/MEM_BLOCK_SIZE + 1; };
  85              		.loc 3 33 46
  86              	.LBB14:
  87              	.LBB13:
  34:src/../h/Scheduler.hpp ****             return MemoryAllocator::kmalloc(sz);
  88              		.loc 2 34 13
  89              		.loc 2 34 44 is_stmt 0
  90 005c 13051000 		li	a0,1
  91              	.LVL5:
  92 0060 97000000 		call	_ZN15MemoryAllocator7kmallocEm@plt
  92      E7800000 
  93              	.LVL6:
  94              	.LBE13:
  95              	.LBE14:
  96              	.LBB15:
  97              	.LBB16:
  30:src/../h/Scheduler.hpp **** 
  98              		.loc 2 30 57
  99 0068 23309500 		sd	s1,0(a0)
 100 006c 23340500 		sd	zero,8(a0)
 101              	.LVL7:
 102              	.LBE16:
 103              	.LBE15:
  30:src/Scheduler.cpp ****     if (head == nullptr){
 104              		.loc 1 30 5 is_stmt 1
 105              		.loc 1 30 14 is_stmt 0
 106 0070 97070000 		ld	a5,.LANCHOR0
 106      83B70700 
 107              		.loc 1 30 5
 108 0078 63800704 		beqz	a5,.L7
  31:src/Scheduler.cpp ****         head = tail = e;
  32:src/Scheduler.cpp **** 
  33:src/Scheduler.cpp ****     }else{
  34:src/Scheduler.cpp ****         tail->next = e;
 109              		.loc 1 34 9 is_stmt 1
 110              		.loc 1 34 15 is_stmt 0
 111 007c 97070000 		lla	a5,.LANCHOR0
 111      93870700 
 112 0084 03B70701 		ld	a4,16(a5)
 113              		.loc 1 34 20
 114 0088 2334A700 		sd	a0,8(a4)
  35:src/Scheduler.cpp ****         tail = e;
 115              		.loc 1 35 9 is_stmt 1
 116              		.loc 1 35 14 is_stmt 0
 117 008c 23B8A700 		sd	a0,16(a5)
 118              	.L5:
  36:src/Scheduler.cpp ****     }
  37:src/Scheduler.cpp ****     Scheduler::numOfThreads++;
 119              		.loc 1 37 5 is_stmt 1
 120              		.loc 1 37 28 is_stmt 0
 121 0090 17070000 		lla	a4,.LANCHOR0
 121      13070700 
GAS LISTING /tmp/ccJ9kBCu.s 			page 5


 122 0098 83378700 		ld	a5,8(a4)
 123 009c 93871700 		addi	a5,a5,1
 124 00a0 2334F700 		sd	a5,8(a4)
  38:src/Scheduler.cpp **** }...
 125              		.loc 1 38 1
 126 00a4 83308101 		ld	ra,24(sp)
 127              		.cfi_remember_state
 128              		.cfi_restore 1
 129 00a8 03340101 		ld	s0,16(sp)
 130              		.cfi_restore 8
 131              		.cfi_def_cfa 2, 32
 132 00ac 83348100 		ld	s1,8(sp)
 133              		.cfi_restore 9
 134              	.LVL8:
 135 00b0 13010102 		addi	sp,sp,32
 136              		.cfi_def_cfa_offset 0
 137 00b4 67800000 		jr	ra
 138              	.LVL9:
 139              	.L7:
 140              		.cfi_restore_state
  31:src/Scheduler.cpp ****         head = tail = e;
 141              		.loc 1 31 9 is_stmt 1
  31:src/Scheduler.cpp ****         head = tail = e;
 142              		.loc 1 31 21 is_stmt 0
 143 00b8 97070000 		lla	a5,.LANCHOR0
 143      93870700 
 144 00c0 23B8A700 		sd	a0,16(a5)
  31:src/Scheduler.cpp ****         head = tail = e;
 145              		.loc 1 31 14
 146 00c4 23B0A700 		sd	a0,0(a5)
 147 00c8 6FF09FFC 		j	.L5
 148              		.cfi_endproc
 149              	.LFE7:
 151              		.globl	_ZN9Scheduler12numOfThreadsE
 152              		.globl	_ZN9Scheduler4tailE
 153              		.globl	_ZN9Scheduler4headE
 154              		.bss
 155              		.align	3
 156              		.set	.LANCHOR0,. + 0
 159              	_ZN9Scheduler4headE:
 160 0000 00000000 		.zero	8
 160      00000000 
 163              	_ZN9Scheduler12numOfThreadsE:
 164 0008 00000000 		.zero	8
 164      00000000 
 167              	_ZN9Scheduler4tailE:
 168 0010 00000000 		.zero	8
 168      00000000 
 169              		.text
 170              	.Letext0:
 171              		.file 4 "src/../h/../h/../lib/hw.h"
GAS LISTING /tmp/ccJ9kBCu.s 			page 6


DEFINED SYMBOLS
                            *ABS*:0000000000000000 Scheduler.cpp
     /tmp/ccJ9kBCu.s:9      .text:0000000000000000 _ZN9Scheduler3getEv
     /tmp/ccJ9kBCu.s:13     .text:0000000000000000 .L0 
     /tmp/ccJ9kBCu.s:14     .text:0000000000000000 .L0 
     /tmp/ccJ9kBCu.s:15     .text:0000000000000004 .L0 
     /tmp/ccJ9kBCu.s:17     .text:0000000000000008 .L0 
     /tmp/ccJ9kBCu.s:19     .text:000000000000000c .L0 
     /tmp/ccJ9kBCu.s:21     .text:000000000000000c .L0 
     /tmp/ccJ9kBCu.s:22     .text:000000000000000c .L0 
     /tmp/ccJ9kBCu.s:26     .text:0000000000000018 .L0 
     /tmp/ccJ9kBCu.s:27     .text:0000000000000018 .L0 
     /tmp/ccJ9kBCu.s:30     .text:000000000000001c .L0 
     /tmp/ccJ9kBCu.s:31     .text:000000000000001c .L0 
     /tmp/ccJ9kBCu.s:33     .text:0000000000000020 .L0 
     /tmp/ccJ9kBCu.s:35     .text:0000000000000024 .L0 
     /tmp/ccJ9kBCu.s:36     .text:0000000000000024 .L0 
     /tmp/ccJ9kBCu.s:38     .text:0000000000000028 .L0 
     /tmp/ccJ9kBCu.s:39     .text:0000000000000028 .L0 
     /tmp/ccJ9kBCu.s:41     .text:000000000000002c .L0 
     /tmp/ccJ9kBCu.s:42     .text:000000000000002c .L0 
     /tmp/ccJ9kBCu.s:47     .text:0000000000000038 .L0 
     /tmp/ccJ9kBCu.s:48     .text:0000000000000038 .L0 
     /tmp/ccJ9kBCu.s:49     .text:000000000000003c .L0 
     /tmp/ccJ9kBCu.s:50     .text:000000000000003c .L0 
     /tmp/ccJ9kBCu.s:52     .text:0000000000000040 .L0 
     /tmp/ccJ9kBCu.s:54     .text:0000000000000044 .L0 
     /tmp/ccJ9kBCu.s:60     .text:0000000000000044 _ZN9Scheduler3putEP3TCB
     /tmp/ccJ9kBCu.s:63     .text:0000000000000044 .L0 
     /tmp/ccJ9kBCu.s:65     .text:0000000000000044 .L0 
     /tmp/ccJ9kBCu.s:66     .text:0000000000000048 .L0 
     /tmp/ccJ9kBCu.s:70     .text:0000000000000054 .L0 
     /tmp/ccJ9kBCu.s:71     .text:0000000000000054 .L0 
     /tmp/ccJ9kBCu.s:72     .text:0000000000000054 .L0 
     /tmp/ccJ9kBCu.s:74     .text:0000000000000058 .L0 
     /tmp/ccJ9kBCu.s:81     .text:000000000000005c .L0 
     /tmp/ccJ9kBCu.s:85     .text:000000000000005c .L0 
     /tmp/ccJ9kBCu.s:88     .text:000000000000005c .L0 
     /tmp/ccJ9kBCu.s:89     .text:000000000000005c .L0 
     /tmp/ccJ9kBCu.s:90     .text:000000000000005c .L0 
     /tmp/ccJ9kBCu.s:99     .text:0000000000000068 .L0 
     /tmp/ccJ9kBCu.s:105    .text:0000000000000070 .L0 
     /tmp/ccJ9kBCu.s:106    .text:0000000000000070 .L0 
     /tmp/ccJ9kBCu.s:108    .text:0000000000000078 .L0 
     /tmp/ccJ9kBCu.s:110    .text:000000000000007c .L0 
     /tmp/ccJ9kBCu.s:111    .text:000000000000007c .L0 
     /tmp/ccJ9kBCu.s:114    .text:0000000000000088 .L0 
     /tmp/ccJ9kBCu.s:116    .text:000000000000008c .L0 
     /tmp/ccJ9kBCu.s:117    .text:000000000000008c .L0 
     /tmp/ccJ9kBCu.s:120    .text:0000000000000090 .L0 
     /tmp/ccJ9kBCu.s:121    .text:0000000000000090 .L0 
     /tmp/ccJ9kBCu.s:126    .text:00000000000000a4 .L0 
     /tmp/ccJ9kBCu.s:127    .text:00000000000000a8 .L0 
     /tmp/ccJ9kBCu.s:128    .text:00000000000000a8 .L0 
     /tmp/ccJ9kBCu.s:130    .text:00000000000000ac .L0 
     /tmp/ccJ9kBCu.s:131    .text:00000000000000ac .L0 
     /tmp/ccJ9kBCu.s:133    .text:00000000000000b0 .L0 
GAS LISTING /tmp/ccJ9kBCu.s 			page 7


     /tmp/ccJ9kBCu.s:136    .text:00000000000000b4 .L0 
     /tmp/ccJ9kBCu.s:140    .text:00000000000000b8 .L0 
     /tmp/ccJ9kBCu.s:142    .text:00000000000000b8 .L0 
     /tmp/ccJ9kBCu.s:143    .text:00000000000000b8 .L0 
     /tmp/ccJ9kBCu.s:146    .text:00000000000000c4 .L0 
     /tmp/ccJ9kBCu.s:148    .text:00000000000000cc .L0 
     /tmp/ccJ9kBCu.s:163    .bss:0000000000000008 _ZN9Scheduler12numOfThreadsE
     /tmp/ccJ9kBCu.s:167    .bss:0000000000000010 _ZN9Scheduler4tailE
     /tmp/ccJ9kBCu.s:159    .bss:0000000000000000 _ZN9Scheduler4headE
     /tmp/ccJ9kBCu.s:156    .bss:0000000000000000 .LANCHOR0
     /tmp/ccJ9kBCu.s:172    .text:00000000000000cc .L0 
     /tmp/ccJ9kBCu.s:22     .text:000000000000000c .L0 
     /tmp/ccJ9kBCu.s:106    .text:0000000000000070 .L0 
     /tmp/ccJ9kBCu.s:111    .text:000000000000007c .L0 
     /tmp/ccJ9kBCu.s:121    .text:0000000000000090 .L0 
     /tmp/ccJ9kBCu.s:143    .text:00000000000000b8 .L0 
     /tmp/ccJ9kBCu.s:139    .text:00000000000000b8 .L7
     /tmp/ccJ9kBCu.s:118    .text:0000000000000090 .L5
     /tmp/ccJ9kBCu.s:669    .debug_abbrev:0000000000000000 .Ldebug_abbrev0
     /tmp/ccJ9kBCu.s:1493   .debug_str:0000000000000187 .LASF41
     /tmp/ccJ9kBCu.s:1499   .debug_str:000000000000026b .LASF42
     /tmp/ccJ9kBCu.s:1519   .debug_str:0000000000000324 .LASF43
     /tmp/ccJ9kBCu.s:5      .text:0000000000000000 .Ltext0
     /tmp/ccJ9kBCu.s:170    .text:00000000000000cc .Letext0
     /tmp/ccJ9kBCu.s:1441   .debug_line:0000000000000000 .Ldebug_line0
     /tmp/ccJ9kBCu.s:1501   .debug_str:000000000000027d .LASF0
     /tmp/ccJ9kBCu.s:1483   .debug_str:000000000000012a .LASF1
     /tmp/ccJ9kBCu.s:1477   .debug_str:0000000000000105 .LASF2
     /tmp/ccJ9kBCu.s:1457   .debug_str:0000000000000077 .LASF4
     /tmp/ccJ9kBCu.s:1481   .debug_str:0000000000000118 .LASF3
     /tmp/ccJ9kBCu.s:1447   .debug_str:0000000000000023 .LASF5
     /tmp/ccJ9kBCu.s:1443   .debug_str:0000000000000000 .LASF6
     /tmp/ccJ9kBCu.s:1473   .debug_str:00000000000000e3 .LASF7
     /tmp/ccJ9kBCu.s:1511   .debug_str:00000000000002e2 .LASF8
     /tmp/ccJ9kBCu.s:1455   .debug_str:0000000000000069 .LASF9
     /tmp/ccJ9kBCu.s:1543   .debug_str:00000000000003cd .LASF10
     /tmp/ccJ9kBCu.s:1475   .debug_str:00000000000000f6 .LASF11
     /tmp/ccJ9kBCu.s:1533   .debug_str:0000000000000399 .LASF12
     /tmp/ccJ9kBCu.s:1509   .debug_str:00000000000002d2 .LASF13
     /tmp/ccJ9kBCu.s:1485   .debug_str:000000000000013d .LASF14
     /tmp/ccJ9kBCu.s:1467   .debug_str:00000000000000bd .LASF15
     /tmp/ccJ9kBCu.s:1513   .debug_str:00000000000002f2 .LASF16
     /tmp/ccJ9kBCu.s:1497   .debug_str:000000000000025f .LASF29
     /tmp/ccJ9kBCu.s:1539   .debug_str:00000000000003bb .LASF17
     /tmp/ccJ9kBCu.s:1449   .debug_str:000000000000002a .LASF18
     /tmp/ccJ9kBCu.s:1537   .debug_str:00000000000003b6 .LASF19
     /tmp/ccJ9kBCu.s:1445   .debug_str:0000000000000013 .LASF27
     /tmp/ccJ9kBCu.s:1487   .debug_str:0000000000000149 .LASF20
     /tmp/ccJ9kBCu.s:1505   .debug_str:0000000000000296 .LASF22
     /tmp/ccJ9kBCu.s:1469   .debug_str:00000000000000d3 .LASF21
     /tmp/ccJ9kBCu.s:1489   .debug_str:0000000000000151 .LASF23
     /tmp/ccJ9kBCu.s:1503   .debug_str:000000000000028a .LASF24
     /tmp/ccJ9kBCu.s:1461   .debug_str:0000000000000083 .LASF25
     /tmp/ccJ9kBCu.s:1531   .debug_str:0000000000000394 .LASF26
     /tmp/ccJ9kBCu.s:1525   .debug_str:000000000000036d .LASF32
     /tmp/ccJ9kBCu.s:1451   .debug_str:000000000000002f .LASF34
     /tmp/ccJ9kBCu.s:1471   .debug_str:00000000000000d9 .LASF28
GAS LISTING /tmp/ccJ9kBCu.s 			page 8


     /tmp/ccJ9kBCu.s:1515   .debug_str:0000000000000308 .LASF30
     /tmp/ccJ9kBCu.s:1521   .debug_str:0000000000000342 .LASF31
     /tmp/ccJ9kBCu.s:1535   .debug_str:00000000000003a9 .LASF33
     /tmp/ccJ9kBCu.s:1517   .debug_str:000000000000030d .LASF35
     /tmp/ccJ9kBCu.s:1523   .debug_str:000000000000035d .LASF44
     /tmp/ccJ9kBCu.s:1491   .debug_str:000000000000016f .LASF45
     /tmp/ccJ9kBCu.s:1541   .debug_str:00000000000003c0 .LASF36
     /tmp/ccJ9kBCu.s:1463   .debug_str:000000000000008a .LASF46
     /tmp/ccJ9kBCu.s:1453   .debug_str:0000000000000055 .LASF47
     /tmp/ccJ9kBCu.s:1479   .debug_str:0000000000000113 .LASF37
     /tmp/ccJ9kBCu.s:1527   .debug_str:000000000000037b .LASF38
     /tmp/ccJ9kBCu.s:1529   .debug_str:0000000000000380 .LASF48
     /tmp/ccJ9kBCu.s:1495   .debug_str:000000000000024b .LASF39
     /tmp/ccJ9kBCu.s:1507   .debug_str:00000000000002b5 .LASF40
     /tmp/ccJ9kBCu.s:61     .text:0000000000000044 .LFB7
     /tmp/ccJ9kBCu.s:149    .text:00000000000000cc .LFE7
     /tmp/ccJ9kBCu.s:1369   .debug_loc:0000000000000000 .LLST1
     /tmp/ccJ9kBCu.s:78     .text:000000000000005c .LBB11
     /tmp/ccJ9kBCu.s:1433   .debug_ranges:0000000000000000 .Ldebug_ranges0
     /tmp/ccJ9kBCu.s:1391   .debug_loc:000000000000005f .LLST2
     /tmp/ccJ9kBCu.s:93     .text:0000000000000068 .LVL6
     /tmp/ccJ9kBCu.s:96     .text:0000000000000068 .LBB15
     /tmp/ccJ9kBCu.s:103    .text:0000000000000070 .LBE15
     /tmp/ccJ9kBCu.s:1399   .debug_loc:0000000000000083 .LLST3
     /tmp/ccJ9kBCu.s:1406   .debug_loc:00000000000000a6 .LLST4
     /tmp/ccJ9kBCu.s:10     .text:0000000000000000 .LFB6
     /tmp/ccJ9kBCu.s:55     .text:0000000000000044 .LFE6
     /tmp/ccJ9kBCu.s:1413   .debug_loc:00000000000000c9 .LLST0
     /tmp/ccJ9kBCu.s:1459   .debug_str:000000000000007e .LASF49
     /tmp/ccJ9kBCu.s:1465   .debug_str:00000000000000a2 .LASF50
     /tmp/ccJ9kBCu.s:64     .text:0000000000000044 .LVL3
     /tmp/ccJ9kBCu.s:91     .text:0000000000000060 .LVL5
     /tmp/ccJ9kBCu.s:134    .text:00000000000000b0 .LVL8
     /tmp/ccJ9kBCu.s:138    .text:00000000000000b8 .LVL9
     /tmp/ccJ9kBCu.s:77     .text:000000000000005c .LVL4
     /tmp/ccJ9kBCu.s:101    .text:0000000000000070 .LVL7
     /tmp/ccJ9kBCu.s:24     .text:0000000000000018 .LVL0
     /tmp/ccJ9kBCu.s:43     .text:0000000000000030 .LVL2
     /tmp/ccJ9kBCu.s:173    .debug_info:0000000000000000 .Ldebug_info0
     /tmp/ccJ9kBCu.s:83     .text:000000000000005c .LBE11
     /tmp/ccJ9kBCu.s:86     .text:000000000000005c .LBB14
     /tmp/ccJ9kBCu.s:95     .text:0000000000000068 .LBE14

UNDEFINED SYMBOLS
_ZN15MemoryAllocator7kmallocEm
